<?xml version="1.0" encoding="UTF-8"?>
<!-- Generated by org.testng.reporters.JUnitXMLReporter -->
<testsuite ignored="0" hostname="Rahul" failures="0" tests="102" name="Default test" time="0.159" errors="0" timestamp="11 Oct 2023 15:20:06 GMT">
  <testcase classname="TestNG.tests.ClassB" name="loginPageTestClassBMethod1" time="0.009"/>
  <testcase classname="TestNG.tests.ClassB" name="resetPasswordTestClassBMethod2" time="0.001"/>
  <testcase classname="TestNG.tests.ClassB" name="SendOTPTestclassBMethod3" time="0.001"/>
  <testcase classname="TestNG.tests.ClassB" name="SendOTPTestclassBMethod3" time="0.001"/>
  <testcase classname="TestNG.tests.ClassB" name="SendOTPTestclassBMethod3" time="0.001"/>
  <testcase classname="TestNG.tests.ClassB" name="SendOTPTestclassBMethod3" time="0.001"/>
  <testcase classname="TestNG.tests.ClassB" name="SendOTPTestclassBMethod3" time="0.002"/>
  <testcase classname="TestNG.tests.ClassB" name="SendOTPTestclassBMethod3" time="0.0"/>
  <testcase classname="TestNG.tests.ClassB" name="SendOTPTestclassBMethod3" time="0.001"/>
  <testcase classname="TestNG.tests.ClassB" name="SendOTPTestclassBMethod3" time="0.001"/>
  <testcase classname="TestNG.tests.ClassB" name="SendOTPTestclassBMethod3" time="0.001"/>
  <testcase classname="TestNG.tests.ClassB" name="SendOTPTestclassBMethod3" time="0.001"/>
  <testcase classname="TestNG.tests.ClassB" name="SendOTPTestclassBMethod3" time="0.001"/>
  <testcase classname="TestNG.tests.ClassB" name="SendOTPTestclassBMethod3" time="0.001"/>
  <testcase classname="TestNG.tests.ClassB" name="SendOTPTestclassBMethod3" time="0.001"/>
  <testcase classname="TestNG.tests.ClassB" name="SendOTPTestclassBMethod3" time="0.001"/>
  <testcase classname="TestNG.tests.ClassB" name="SendOTPTestclassBMethod3" time="0.001"/>
  <testcase classname="TestNG.tests.ClassB" name="SendOTPTestclassBMethod3" time="0.001"/>
  <testcase classname="TestNG.tests.ClassB" name="SendOTPTestclassBMethod3" time="0.0"/>
  <testcase classname="TestNG.tests.ClassB" name="SendOTPTestclassBMethod3" time="0.001"/>
  <testcase classname="TestNG.tests.ClassB" name="SendOTPTestclassBMethod3" time="0.0"/>
  <testcase classname="TestNG.tests.ClassB" name="SendOTPTestclassBMethod3" time="0.0"/>
  <testcase classname="TestNG.tests.ClassB" name="SendOTPTestclassBMethod3" time="0.0"/>
  <testcase classname="TestNG.tests.ClassB" name="SendOTPTestclassBMethod3" time="0.001"/>
  <testcase classname="TestNG.tests.ClassB" name="SendOTPTestclassBMethod3" time="0.001"/>
  <testcase classname="TestNG.tests.ClassB" name="SendOTPTestclassBMethod3" time="0.001"/>
  <testcase classname="TestNG.tests.ClassB" name="SendOTPTestclassBMethod3" time="0.0"/>
  <testcase classname="TestNG.tests.ClassB" name="SendOTPTestclassBMethod3" time="0.002"/>
  <testcase classname="TestNG.tests.ClassB" name="SendOTPTestclassBMethod3" time="0.0"/>
  <testcase classname="TestNG.tests.ClassB" name="SendOTPTestclassBMethod3" time="0.0"/>
  <testcase classname="TestNG.tests.ClassB" name="SendOTPTestclassBMethod3" time="0.0"/>
  <testcase classname="TestNG.tests.ClassB" name="SendOTPTestclassBMethod3" time="0.0"/>
  <testcase classname="TestNG.tests.ClassB" name="SendOTPTestclassBMethod3" time="0.0"/>
  <testcase classname="TestNG.tests.ClassB" name="SendOTPTestclassBMethod3" time="0.0"/>
  <testcase classname="TestNG.tests.ClassB" name="SendOTPTestclassBMethod3" time="0.0"/>
  <testcase classname="TestNG.tests.ClassB" name="SendOTPTestclassBMethod3" time="0.0"/>
  <testcase classname="TestNG.tests.ClassB" name="SendOTPTestclassBMethod3" time="0.0"/>
  <testcase classname="TestNG.tests.ClassB" name="SendOTPTestclassBMethod3" time="0.001"/>
  <testcase classname="TestNG.tests.ClassB" name="SendOTPTestclassBMethod3" time="0.0"/>
  <testcase classname="TestNG.tests.ClassB" name="SendOTPTestclassBMethod3" time="0.0"/>
  <testcase classname="TestNG.tests.ClassB" name="SendOTPTestclassBMethod3" time="0.0"/>
  <testcase classname="TestNG.tests.ClassB" name="SendOTPTestclassBMethod3" time="0.0"/>
  <testcase classname="TestNG.tests.ClassB" name="SendOTPTestclassBMethod3" time="0.001"/>
  <testcase classname="TestNG.tests.ClassB" name="SendOTPTestclassBMethod3" time="0.001"/>
  <testcase classname="TestNG.tests.ClassB" name="SendOTPTestclassBMethod3" time="0.0"/>
  <testcase classname="TestNG.tests.ClassB" name="SendOTPTestclassBMethod3" time="0.0"/>
  <testcase classname="TestNG.tests.ClassB" name="SendOTPTestclassBMethod3" time="0.0"/>
  <testcase classname="TestNG.tests.ClassB" name="SendOTPTestclassBMethod3" time="0.001"/>
  <testcase classname="TestNG.tests.ClassB" name="SendOTPTestclassBMethod3" time="0.0"/>
  <testcase classname="TestNG.tests.ClassB" name="SendOTPTestclassBMethod3" time="0.0"/>
  <testcase classname="TestNG.tests.ClassB" name="SendOTPTestclassBMethod3" time="0.001"/>
  <testcase classname="TestNG.tests.ClassB" name="SendOTPTestclassBMethod3" time="0.0"/>
  <testcase classname="TestNG.tests.ClassB" name="SendOTPTestclassBMethod3" time="0.0"/>
  <testcase classname="TestNG.tests.ClassB" name="SendOTPTestclassBMethod3" time="0.0"/>
  <testcase classname="TestNG.tests.ClassB" name="SendOTPTestclassBMethod3" time="0.0"/>
  <testcase classname="TestNG.tests.ClassB" name="SendOTPTestclassBMethod3" time="0.0"/>
  <testcase classname="TestNG.tests.ClassB" name="SendOTPTestclassBMethod3" time="0.0"/>
  <testcase classname="TestNG.tests.ClassB" name="SendOTPTestclassBMethod3" time="0.001"/>
  <testcase classname="TestNG.tests.ClassB" name="SendOTPTestclassBMethod3" time="0.001"/>
  <testcase classname="TestNG.tests.ClassB" name="SendOTPTestclassBMethod3" time="0.001"/>
  <testcase classname="TestNG.tests.ClassB" name="SendOTPTestclassBMethod3" time="0.002"/>
  <testcase classname="TestNG.tests.ClassB" name="SendOTPTestclassBMethod3" time="0.0"/>
  <testcase classname="TestNG.tests.ClassB" name="SendOTPTestclassBMethod3" time="0.0"/>
  <testcase classname="TestNG.tests.ClassB" name="SendOTPTestclassBMethod3" time="0.0"/>
  <testcase classname="TestNG.tests.ClassB" name="SendOTPTestclassBMethod3" time="0.001"/>
  <testcase classname="TestNG.tests.ClassB" name="SendOTPTestclassBMethod3" time="0.0"/>
  <testcase classname="TestNG.tests.ClassB" name="SendOTPTestclassBMethod3" time="0.0"/>
  <testcase classname="TestNG.tests.ClassB" name="SendOTPTestclassBMethod3" time="0.0"/>
  <testcase classname="TestNG.tests.ClassB" name="SendOTPTestclassBMethod3" time="0.0"/>
  <testcase classname="TestNG.tests.ClassB" name="SendOTPTestclassBMethod3" time="0.001"/>
  <testcase classname="TestNG.tests.ClassB" name="SendOTPTestclassBMethod3" time="0.0"/>
  <testcase classname="TestNG.tests.ClassB" name="SendOTPTestclassBMethod3" time="0.0"/>
  <testcase classname="TestNG.tests.ClassB" name="SendOTPTestclassBMethod3" time="0.0"/>
  <testcase classname="TestNG.tests.ClassB" name="SendOTPTestclassBMethod3" time="0.0"/>
  <testcase classname="TestNG.tests.ClassB" name="SendOTPTestclassBMethod3" time="0.0"/>
  <testcase classname="TestNG.tests.ClassB" name="SendOTPTestclassBMethod3" time="0.001"/>
  <testcase classname="TestNG.tests.ClassB" name="SendOTPTestclassBMethod3" time="0.0"/>
  <testcase classname="TestNG.tests.ClassB" name="SendOTPTestclassBMethod3" time="0.0"/>
  <testcase classname="TestNG.tests.ClassB" name="SendOTPTestclassBMethod3" time="0.016"/>
  <testcase classname="TestNG.tests.ClassB" name="SendOTPTestclassBMethod3" time="0.0"/>
  <testcase classname="TestNG.tests.ClassB" name="SendOTPTestclassBMethod3" time="0.0"/>
  <testcase classname="TestNG.tests.ClassB" name="SendOTPTestclassBMethod3" time="0.0"/>
  <testcase classname="TestNG.tests.ClassB" name="SendOTPTestclassBMethod3" time="0.001"/>
  <testcase classname="TestNG.tests.ClassB" name="SendOTPTestclassBMethod3" time="0.001"/>
  <testcase classname="TestNG.tests.ClassB" name="SendOTPTestclassBMethod3" time="0.0"/>
  <testcase classname="TestNG.tests.ClassB" name="SendOTPTestclassBMethod3" time="0.001"/>
  <testcase classname="TestNG.tests.ClassB" name="SendOTPTestclassBMethod3" time="0.001"/>
  <testcase classname="TestNG.tests.ClassB" name="SendOTPTestclassBMethod3" time="0.0"/>
  <testcase classname="TestNG.tests.ClassB" name="SendOTPTestclassBMethod3" time="0.0"/>
  <testcase classname="TestNG.tests.ClassB" name="SendOTPTestclassBMethod3" time="0.0"/>
  <testcase classname="TestNG.tests.ClassB" name="SendOTPTestclassBMethod3" time="0.001"/>
  <testcase classname="TestNG.tests.ClassB" name="SendOTPTestclassBMethod3" time="0.0"/>
  <testcase classname="TestNG.tests.ClassB" name="SendOTPTestclassBMethod3" time="0.0"/>
  <testcase classname="TestNG.tests.ClassB" name="SendOTPTestclassBMethod3" time="0.001"/>
  <testcase classname="TestNG.tests.ClassB" name="SendOTPTestclassBMethod3" time="0.001"/>
  <testcase classname="TestNG.tests.ClassB" name="SendOTPTestclassBMethod3" time="0.0"/>
  <testcase classname="TestNG.tests.ClassB" name="SendOTPTestclassBMethod3" time="0.0"/>
  <testcase classname="TestNG.tests.ClassB" name="SendOTPTestclassBMethod3" time="0.0"/>
  <testcase classname="TestNG.tests.ClassB" name="SendOTPTestclassBMethod3" time="0.0"/>
  <testcase classname="TestNG.tests.ClassB" name="SendOTPTestclassBMethod3" time="0.0"/>
  <testcase classname="TestNG.tests.ClassB" name="SendOTPTestclassBMethod3" time="0.0"/>
  <testcase classname="TestNG.tests.ClassB" name="SendOTPTestclassBMethod3" time="0.0"/>
</testsuite> <!-- Default test -->
