<?xml version="1.0" encoding="UTF-8"?>
<!-- Generated by org.testng.reporters.JUnitXMLReporter -->
<testsuite ignored="0" hostname="Rahul" failures="0" tests="4" name="Default test" time="4.459" errors="0" timestamp="25 Sep 2023 12:39:10 GMT">
  <testcase classname="ToolsQA.RestApi.tests.EndToEndTest" name="createUserToAccess" time="2.407"/>
  <testcase classname="ToolsQA.RestApi.tests.EndToEndTest" name="generateToken" time="0.826"/>
  <testcase classname="ToolsQA.RestApi.tests.EndToEndTest" name="getBooks" time="0.564"/>
  <testcase classname="ToolsQA.RestApi.tests.EndToEndTest" name="addBooks" time="0.634"/>
</testsuite> <!-- Default test -->
