<?xml version="1.0" encoding="UTF-8"?>
<!-- Generated by org.testng.reporters.JUnitXMLReporter -->
<testsuite ignored="1" hostname="Rahul" failures="0" tests="1" name="Generate Token" time="1.169" errors="0" timestamp="26 Sep 2023 13:52:18 GMT">
  <testcase classname="ToolsQA.RestApi.tests.GenerateToken" name="generateToken" time="1.167"/>
  <testcase classname="ToolsQA.RestApi.tests.GenerateToken" name="createUserToAccess" time="0.0">
    <ignored/>
  </testcase> <!-- createUserToAccess -->
</testsuite> <!-- Generate Token -->
