<?xml version="1.0" encoding="UTF-8"?>
<testng-results ignored="0" total="4" passed="4" failed="0" skipped="0">
  <reporter-output>
  </reporter-output>
  <suite started-at="2023-09-25T12:39:05Z" name="Default suite" finished-at="2023-09-25T12:39:10Z" duration-ms="4459">
    <groups>
    </groups>
    <test started-at="2023-09-25T12:39:05Z" name="Default test" finished-at="2023-09-25T12:39:10Z" duration-ms="4459">
      <class name="ToolsQA.RestApi.tests.EndToEndTest">
        <test-method signature="createUserToAccess()[pri:1, instance:ToolsQA.RestApi.tests.EndToEndTest@f107c50]" started-at="2023-09-25T12:39:05Z" name="createUserToAccess" finished-at="2023-09-25T12:39:08Z" duration-ms="2407" status="PASS">
          <reporter-output>
          </reporter-output>
        </test-method> <!-- createUserToAccess -->
        <test-method signature="generateToken()[pri:2, instance:ToolsQA.RestApi.tests.EndToEndTest@f107c50]" started-at="2023-09-25T12:39:08Z" name="generateToken" finished-at="2023-09-25T12:39:09Z" duration-ms="826" status="PASS">
          <reporter-output>
          </reporter-output>
        </test-method> <!-- generateToken -->
        <test-method signature="getBooks()[pri:3, instance:ToolsQA.RestApi.tests.EndToEndTest@f107c50]" started-at="2023-09-25T12:39:09Z" name="getBooks" finished-at="2023-09-25T12:39:09Z" duration-ms="564" status="PASS">
          <reporter-output>
          </reporter-output>
        </test-method> <!-- getBooks -->
        <test-method signature="addBooks()[pri:4, instance:ToolsQA.RestApi.tests.EndToEndTest@f107c50]" started-at="2023-09-25T12:39:09Z" name="addBooks" finished-at="2023-09-25T12:39:10Z" duration-ms="634" status="PASS">
          <reporter-output>
          </reporter-output>
        </test-method> <!-- addBooks -->
      </class> <!-- ToolsQA.RestApi.tests.EndToEndTest -->
    </test> <!-- Default test -->
  </suite> <!-- Default suite -->
</testng-results>
